#
#
# There is insufficient memory for the Java Runtime Environment to continue.
# Native memory allocation (mmap) failed to map 130023424 bytes for G1 virtual space
# Possible reasons:
#   The system is out of physical RAM or swap space
#   The process is running with CompressedOops enabled, and the Java Heap may be blocking the growth of the native heap
# Possible solutions:
#   Reduce memory load on the system
#   Increase physical memory or swap space
#   Check if swap backing store is full
#   Decrease Java heap size (-Xmx/-Xms)
#   Decrease number of Java threads
#   Decrease Java thread stack sizes (-Xss)
#   Set larger code cache with -XX:ReservedCodeCacheSize=
#   JVM is running with Unscaled Compressed Oops mode in which the Java heap is
#     placed in the first 4GB address space. The Java Heap base address is the
#     maximum limit for the native heap growth. Please use -XX:HeapBaseMinAddress
#     to set the Java Heap base and to place the Java Heap above 4GB virtual address.
# This output file may be truncated or incomplete.
#
#  Out of Memory Error (os_windows.cpp:3550), pid=8748, tid=6252
#
# JRE version:  (17.0.7+8) (build )
# Java VM: Java HotSpot(TM) 64-Bit Server VM (17.0.7+8-LTS-224, mixed mode, emulated-client, sharing, tiered, compressed oops, compressed class ptrs, g1 gc, windows-amd64)
# No core dump will be written. Minidumps are not enabled by default on client versions of Windows
#

---------------  S U M M A R Y ------------

Command Line: -XX:TieredStopAtLevel=1 -Dspring.output.ansi.enabled=always -Dcom.sun.management.jmxremote -Dspring.jmx.enabled=true -Dspring.liveBeansView.mbeanDomain -Dspring.application.admin.enabled=true -Dmanagement.endpoints.jmx.exposure.include=* -javaagent:C:\Program Files\JetBrains\IntelliJ IDEA 2023.1.2\lib\idea_rt.jar=60530:C:\Program Files\JetBrains\IntelliJ IDEA 2023.1.2\bin -Dfile.encoding=UTF-8 ru.kata.spring.boot_security.demo.SpringBootSecurityDemoApplication

Host: 11th Gen Intel(R) Core(TM) i3-1115G4 @ 3.00GHz, 4 cores, 7G,  Windows 10 , 64 bit Build 19041 (10.0.19041.3636)
Time: Thu May 30 12:08:19 2024 RTZ 2 (s 10 , 64 bit Build 19041 (10.0.19041.3636) elapsed time: 0.016284 seconds (0d 0h 0m 0s)

---------------  T H R E A D  ---------------

Current thread (0x000001d2932c5570):  JavaThread "Unknown thread" [_thread_in_vm, id=6252, stack(0x0000001d5a000000,0x0000001d5a100000)]

Stack: [0x0000001d5a000000,0x0000001d5a100000]
Native frames: (J=compiled Java code, j=interpreted, Vv=VM code, C=native code)
V  [jvm.dll+0x676a4a]
V  [jvm.dll+0x7d74f4]
V  [jvm.dll+0x7d8c9e]
V  [jvm.dll+0x7d9303]
V  [jvm.dll+0x2452c5]
V  [jvm.dll+0x6738f9]
V  [jvm.dll+0x668232]
V  [jvm.dll+0x302826]
V  [jvm.dll+0x309da6]
V  [jvm.dll+0x35952e]
V  [jvm.dll+0x35975f]
V  [jvm.dll+0x2d9a38]
V  [jvm.dll+0x2da9a4]
V  [jvm.dll+0x7a8fb1]
V  [jvm.dll+0x3670e1]
V  [jvm.dll+0x788359]
V  [jvm.dll+0x3ea5ef]
V  [jvm.dll+0x3ec071]
C  [jli.dll+0x5297]
C  [ucrtbase.dll+0x21bb2]
C  [KERNEL32.DLL+0x17344]
C  [ntdll.dll+0x526b1]


---------------  P R O C E S S  ---------------

Threads class SMR info:
_java_thread_list=0x00007ffb24e24998, length=0, elements={
}

Java Threads: ( => current thread )

Other Threads:
  0x000001d29331e850 GCTaskThread "GC Thread#0" [stack: 0x0000001d5a100000,0x0000001d5a200000] [id=10500]
  0x000001d29332fb30 ConcurrentGCThread "G1 Main Marker" [stack: 0x0000001d5a200000,0x0000001d5a300000] [id=16664]
  0x000001d293330bf0 ConcurrentGCThread "G1 Conc#0" [stack: 0x0000001d5a300000,0x0000001d5a400000] [id=4836]

[error occurred during error reporting (printing all threads), id 0xc0000005, EXCEPTION_ACCESS_VIOLATION (0xc0000005) at pc=0x00007ffb2465a697]

VM state: not at safepoint (not fully initialized)

VM Mutex/Monitor currently owned by a thread:  ([mutex/lock_event])
[0x000001d2932c30a0] Heap_lock - owner thread: 0x000001d2932c5570

Heap address: 0x0000000085c00000, size: 1956 MB, Compressed Oops mode: 32-bit

CDS archive(s) mapped at: [0x0000000000000000-0x0000000000000000-0x0000000000000000), size 0, SharedBaseAddress: 0x0000000800000000, ArchiveRelocationMode: 0.
Narrow klass base: 0x0000000000000000, Narrow klass shift: 0, Narrow klass range: 0x0

GC Precious Log:
<Empty>

Heap:
 garbage-first heap   total 0K, used 0K [0x0000000085c00000, 0x0000000100000000)
  region size 1024K, 0 young (0K), 0 survivors (0K)

[error occurred during error reporting (printing heap information), id 0xc0000005, EXCEPTION_ACCESS_VIOLATION (0xc0000005) at pc=0x00007ffb24a400b9]

GC Heap History (0 events):
No events

Deoptimization events (0 events):
No events

Classes unloaded (0 events):
No events

Classes redefined (0 events):
No events

Internal exceptions (0 events):
No events

VM Operations (0 events):
No events

Events (1 events):
Event: 0.011 Loaded shared library C:\Program Files\Java\jdk-17\bin\java.dll


Dynamic libraries:
0x00007ff60fde0000 - 0x00007ff60fdf0000 	C:\Program Files\Java\jdk-17\bin\java.exe
0x00007ffb88c50000 - 0x00007ffb88e48000 	C:\Windows\SYSTEM32\ntdll.dll
0x00007ffb86fb0000 - 0x00007ffb8706d000 	C:\Windows\System32\KERNEL32.DLL
0x00007ffb86710000 - 0x00007ffb86a06000 	C:\Windows\System32\KERNELBASE.dll
0x00007ffb86580000 - 0x00007ffb86680000 	C:\Windows\System32\ucrtbase.dll
0x00007ffb83390000 - 0x00007ffb833ab000 	C:\Program Files\Java\jdk-17\bin\VCRUNTIME140.dll
0x00007ffb83320000 - 0x00007ffb83339000 	C:\Program Files\Java\jdk-17\bin\jli.dll
0x00007ffb87070000 - 0x00007ffb87120000 	C:\Windows\System32\ADVAPI32.dll
0x00007ffb882c0000 - 0x00007ffb8835e000 	C:\Windows\System32\msvcrt.dll
0x00007ffb88360000 - 0x00007ffb88400000 	C:\Windows\System32\sechost.dll
0x00007ffb87140000 - 0x00007ffb87263000 	C:\Windows\System32\RPCRT4.dll
0x00007ffb86c50000 - 0x00007ffb86c77000 	C:\Windows\System32\bcrypt.dll
0x00007ffb86db0000 - 0x00007ffb86f4f000 	C:\Windows\System32\USER32.dll
0x00007ffb86b80000 - 0x00007ffb86ba2000 	C:\Windows\System32\win32u.dll
0x00007ffb87760000 - 0x00007ffb8778b000 	C:\Windows\System32\GDI32.dll
0x00007ffb84fa0000 - 0x00007ffb8523a000 	C:\Windows\WinSxS\amd64_microsoft.windows.common-controls_6595b64144ccf1df_6.0.19041.4355_none_60b8b9eb71f62e16\COMCTL32.dll
0x00007ffb86460000 - 0x00007ffb86577000 	C:\Windows\System32\gdi32full.dll
0x00007ffb86bb0000 - 0x00007ffb86c4d000 	C:\Windows\System32\msvcp_win.dll
0x00007ffb807b0000 - 0x00007ffb807ba000 	C:\Windows\SYSTEM32\VERSION.dll
0x00007ffb887c0000 - 0x00007ffb887f2000 	C:\Windows\System32\IMM32.DLL
0x00007ffb83380000 - 0x00007ffb8338c000 	C:\Program Files\Java\jdk-17\bin\vcruntime140_1.dll
0x00007ffb81a00000 - 0x00007ffb81a8e000 	C:\Program Files\Java\jdk-17\bin\msvcp140.dll
0x00007ffb24370000 - 0x00007ffb24f4d000 	C:\Program Files\Java\jdk-17\bin\server\jvm.dll
0x00007ffb88a80000 - 0x00007ffb88a88000 	C:\Windows\System32\PSAPI.DLL
0x00007ffb847d0000 - 0x00007ffb847f7000 	C:\Windows\SYSTEM32\WINMM.dll
0x00007ffb7b8c0000 - 0x00007ffb7b8c9000 	C:\Windows\SYSTEM32\WSOCK32.dll
0x00007ffb87820000 - 0x00007ffb8788b000 	C:\Windows\System32\ws2_32.DLL
0x00007ffb84090000 - 0x00007ffb840a2000 	C:\Windows\SYSTEM32\kernel.appcore.dll
0x00007ffb83310000 - 0x00007ffb8331a000 	C:\Program Files\Java\jdk-17\bin\jimage.dll
0x00007ffb83bd0000 - 0x00007ffb83db4000 	C:\Windows\SYSTEM32\DBGHELP.DLL
0x00007ffb7d610000 - 0x00007ffb7d644000 	C:\Windows\SYSTEM32\dbgcore.DLL
0x00007ffb86680000 - 0x00007ffb86702000 	C:\Windows\System32\bcryptPrimitives.dll
0x00007ffb83dc0000 - 0x00007ffb83dce000 	C:\Program Files\Java\jdk-17\bin\instrument.dll
0x00007ffb827b0000 - 0x00007ffb827d5000 	C:\Program Files\Java\jdk-17\bin\java.dll

dbghelp: loaded successfully - version: 4.0.5 - missing functions: none
symbol engine: initialized successfully - sym options: 0x614 - pdb path: .;C:\Program Files\Java\jdk-17\bin;C:\Windows\SYSTEM32;C:\Windows\WinSxS\amd64_microsoft.windows.common-controls_6595b64144ccf1df_6.0.19041.4355_none_60b8b9eb71f62e16;C:\Program Files\Java\jdk-17\bin\server

VM Arguments:
jvm_args: -XX:TieredStopAtLevel=1 -Dspring.output.ansi.enabled=always -Dcom.sun.management.jmxremote -Dspring.jmx.enabled=true -Dspring.liveBeansView.mbeanDomain -Dspring.application.admin.enabled=true -Dmanagement.endpoints.jmx.exposure.include=* -javaagent:C:\Program Files\JetBrains\IntelliJ IDEA 2023.1.2\lib\idea_rt.jar=60530:C:\Program Files\JetBrains\IntelliJ IDEA 2023.1.2\bin -Dfile.encoding=UTF-8 
java_command: ru.kata.spring.boot_security.demo.SpringBootSecurityDemoApplication
java_class_path (initial): C:\Users\КонстантинБондаренко\IdeaProjects\PP_3_1_2_Boot_Security_final_p1\target\classes;C:\Users\КонстантинБондаренко\.m2\repository\org\springframework\boot\spring-boot-starter-thymeleaf\2.6.2\spring-boot-starter-thymeleaf-2.6.2.jar;C:\Users\КонстантинБондаренко\.m2\repository\org\springframework\boot\spring-boot-starter\2.6.2\spring-boot-starter-2.6.2.jar;C:\Users\КонстантинБондаренко\.m2\repository\org\springframework\boot\spring-boot\2.6.2\spring-boot-2.6.2.jar;C:\Users\КонстантинБондаренко\.m2\repository\org\springframework\boot\spring-boot-autoconfigure\2.6.2\spring-boot-autoconfigure-2.6.2.jar;C:\Users\КонстантинБондаренко\.m2\repository\org\springframework\boot\spring-boot-starter-logging\2.6.2\spring-boot-starter-logging-2.6.2.jar;C:\Users\КонстантинБондаренко\.m2\repository\ch\qos\logback\logback-classic\1.2.9\logback-classic-1.2.9.jar;C:\Users\КонстантинБондаренко\.m2\repository\ch\qos\logback\logback-core\1.2.9\logback-core-1.2.9.jar;C:\Users\КонстантинБондаренко\.m2\repository\org\apache\logging\log4j\log4j-to-slf4j\2.17.0\log4j-to-slf4j-2.17.0.jar;C:\Users\КонстантинБондаренко\.m2\repository\org\apache\logging\log4j\log4j-api\2.17.0\log4j-api-2.17.0.jar;C:\Users\КонстантинБондаренко\.m2\repository\org\slf4j\jul-to-slf4j\1.7.32\jul-to-slf4j-1.7.32.jar;C:\Users\КонстантинБондаренко\.m2\repository\jakarta\annotation\jakarta.annotation-api\1.3.5\jakarta.annotation-api-1.3.5.jar;C:\Users\КонстантинБондаренко\.m2\repository\org\yaml\snakeyaml\1.29\snakeyaml-1.29.jar;C:\Users\КонстантинБондаренко\.m2\repository\org\thymeleaf\thymeleaf-spring5\3.0.14.RELEASE\thymeleaf-spring5-3.0.14.RELEASE.jar;C:\Users\КонстантинБондаренко\.m2\repository\org\thymeleaf\thymeleaf\3.0.14.RELEASE\thymeleaf-3.0.14.RELEASE.jar;C:\Users\КонстантинБондаренко\.m2\repository\org\attoparser\attoparser\2.0.5.RELEASE\attoparser-2.0.5.RELEASE.jar;C:\Users\КонстантинБондаренко\.m2\repository\org\unbescape\unbescape\1.1.6.RELEASE\unbescape-1.1.6.RELEASE.jar;C:\
Launcher Type: SUN_STANDARD

[Global flags]
     intx CICompilerCount                          = 3                                         {product} {ergonomic}
     uint ConcGCThreads                            = 1                                         {product} {ergonomic}
     uint G1ConcRefinementThreads                  = 4                                         {product} {ergonomic}
   size_t G1HeapRegionSize                         = 1048576                                   {product} {ergonomic}
    uintx GCDrainStackTargetSize                   = 64                                        {product} {ergonomic}
   size_t InitialHeapSize                          = 130023424                                 {product} {ergonomic}
     bool ManagementServer                         = true                                      {product} {command line}
   size_t MarkStackSize                            = 4194304                                   {product} {ergonomic}
   size_t MaxHeapSize                              = 2051014656                                {product} {ergonomic}
   size_t MinHeapDeltaBytes                        = 1048576                                   {product} {ergonomic}
   size_t MinHeapSize                              = 8388608                                   {product} {ergonomic}
    uintx NonProfiledCodeHeapSize                  = 0                                      {pd product} {ergonomic}
     bool ProfileInterpreter                       = false                                  {pd product} {command line}
    uintx ProfiledCodeHeapSize                     = 0                                      {pd product} {ergonomic}
   size_t SoftMaxHeapSize                          = 2051014656                             {manageable} {ergonomic}
     intx TieredStopAtLevel                        = 1                                         {product} {command line}
     bool UseCompressedClassPointers               = true                           {product lp64_product} {ergonomic}
     bool UseCompressedOops                        = true                           {product lp64_product} {ergonomic}
     bool UseG1GC                                  = true                                      {product} {ergonomic}
     bool UseLargePagesIndividualAllocation        = false                                  {pd product} {ergonomic}

Logging:
Log output configuration:
 #0: stdout all=warning uptime,level,tags
 #1: stderr all=off uptime,level,tags

Environment Variables:
JAVA_HOME=C:\Program Files\Java\jdk-17
PATH=C:\Users\sql_course\dbhomeXE\bin;C:\Program Files\Common Files\Oracle\Java\javapath;C:\Windows\system32;C:\Windows;C:\Windows\System32\Wbem;C:\Windows\System32\WindowsPowerShell\v1.0\;C:\Windows\System32\OpenSSH\;C:\Program Files\Java\jdk-17\bin;C:\Program Files\Java\jdk-17\bin;C:\Program Files\Git\cmd;C:\Users\КонстантинБондаренко\devtools\apache-maven-3.9.6-bin\apache-maven-3.9.6\bin;C:\Users\КонстантинБондаренко\oracle;C:\Program Files\MySQL\MySQL Shell 8.0\bin\;C:\Users\КонстантинБондаренко\AppData\Local\Programs\Python\Python38-32\Scripts\;C:\Users\КонстантинБондаренко\AppData\Local\Programs\Python\Python38-32\;C:\Users\КонстантинБондаренко\AppData\Local\Microsoft\WindowsApps;C:\Users\КонстантинБондаренко\oracle\dbhomeXE\jdk\jre\bin
USERNAME=КонстантинБондаренко
OS=Windows_NT
PROCESSOR_IDENTIFIER=Intel64 Family 6 Model 140 Stepping 1, GenuineIntel



---------------  S Y S T E M  ---------------

OS:
 Windows 10 , 64 bit Build 19041 (10.0.19041.3636)
OS uptime: 14 days 17:59 hours

CPU: total 4 (initial active 4) (2 cores per cpu, 2 threads per core) family 6 model 140 stepping 1 microcode 0xb4, cx8, cmov, fxsr, ht, mmx, 3dnowpref, sse, sse2, sse3, ssse3, sse4.1, sse4.2, popcnt, lzcnt, tsc, tscinvbit, avx, avx2, aes, erms, clmul, bmi1, bmi2, adx, avx512f, avx512dq, avx512cd, avx512bw, avx512vl, sha, fma, vzeroupper, avx512_vpopcntdq, avx512_vpclmulqdq, avx512_vaes, avx512_vnni, clflush, clflushopt, clwb, avx512_vbmi2, avx512_vbmi

Memory: 4k page, system-wide physical 7823M (853M free)
TotalPageFile size 31375M (AvailPageFile size 93M)
current process WorkingSet (physical memory assigned to process): 10M, peak: 10M
current process commit charge ("private bytes"): 47M, peak: 170M

vm_info: Java HotSpot(TM) 64-Bit Server VM (17.0.7+8-LTS-224) for windows-amd64 JRE (17.0.7+8-LTS-224), built on Feb 28 2023 23:03:02 by "mach5one" with MS VC++ 17.1 (VS2022)

END.
